1,42,10,0
1,11,3,13,9,0,12,7,16,3,19,18,22,3,23,12,28,0
2,8,16,18,18,22,20,87,65,99,98,69,99,34,100,0
2,60,4,98,22,99,50,85,74,89,81,85,99,69,100,0
16,55,25,0,31,6,36,40,37,85,60,88,88,96,99,45,100,0
1,15,19,78,96,0
8,40,12,43,33,40,48,98,56,40,74,0
9,33,39,0,48,70,55,83,88,44,90,0,95,27,100,0
2,10,3,30,15,42,19,69,45,74,77,81,78,98,97,89,99,0
6,21,17,61,25,92,47,70,61,95,67,87,81,97,99,0
5,10,7,88,12,94,15,88,62,90,73,92,93,88,100,0
9,5,11,31,23,100,85,79,86,73,94,82,96,72,99,63,100,0
10,81,28,85,74,98,82,85,92,17,94,72,97,0
14,46,17,66,20,79,31,61,52,91,70,86,71,88,74,86,81,0
2,67,3,74,11,82,33,74,38,88,46,74,50,67,54,81,63,67,80,82,91,67,96,39,100,0
4,63,44,0,73,59,84,54,89,3,98,32,99,0
5,32,50,88,81,56,99,0
7,33,12,54,29,86,49,64,56,81,60,64,86,98,98,65,99,64,100,0
14,63,76,88,99,0
11,25,13,51,22,62,37,53,45,98,91,63,95,44,96,2,98,0
17,75,18,0,36,99,94,72,100,0
29,57,32,64,82,93,89,52,90,0,92,4,93,37,94,4,98,92,99,0
3,19,10,24,15,69,27,80,42,89,44,80,48,24,49,94,56,24,63,25,64,68,81,86,82,68,92,53,94,24,99,0
2,76,11,89,17,76,26,95,54,97,62,95,89,67,96,0
4,8,34,68,36,89,39,68,56,8,63,36,78,0,83,97,91,0
1,49,10,66,20,26,27,64,32,98,37,99,65,98,85,93,95,73,97,51,100,0
11,27,18,57,30,30,64,28,92,62,98,28,100,0
1,12,12,43,17,92,51,97,62,92,75,51,82,47,94,85,98,74,99,0
31,97,46,0,85,99,96,0
6,24,11,37,86,14,93,0
13,5,16,53,32,90,98,67,100,0
30,51,32,93,79,66,82,51,89,0,93,87,94,0,98,33,100,0
1,4,2,25,18,95,26,86,50,92,62,99,96,79,98,0
4,24,5,0,13,70,18,89,20,95,42,97,44,95,71,85,99,41,100,0
1,96,9,75,76,62,79,93,87,62,95,56,96,51,98,83,100,0
4,65,45,99,67,65,73,95,77,65,80,0
7,84,35,91,37,92,79,98,98,60,100,0
33,61,54,88,75,91,79,88,93,0
7,25,10,61,15,67,16,84,51,100,76,84,78,55,84,71,85,55,93,79,95,99,98,79,99,15,100,0
27,64,33,88,46,64,86,0,98,93,100,0
4,91,80,0
1,43,16,51,25,71,87,51,90,69,96,0
6,91,24,58,29,97,38,63,44,86,48,89,58,86,82,75,83,65,89,83,92,34,93,62,95,64,97,34,98,49,100,0
2,89,29,88,88,82,99,0
27,6,30,94,70,25,84,84,88,25,99,0
1,65,2,58,10,83,11,58,26,84,45,85,65,100,98,98,99,0
1,22,2,81,15,74,32,89,42,91,48,89,73,88,91,50,93,0
46,10,49,74,72,56,75,70,91,0
2,58,22,96,51,49,81,14,96,0,97,21,100,0
19,1,25,9,38,15,55,59,84,15,88,0
2,86,33,96,58,80,71,58,74,53,78,37,81,45,89,76,92,45,93,73,97,57,100,0
5,94,87,10,88,75,99,1,100,0
2,5,4,73,23,0,35,49,96,38,97,0,98,66,100,0
1,69,12,97,80,60,86,81,87,8,92,0,97,74,100,0
18,10,28,91,64,93,66,91,80,100,94,61,95,46,96,26,99,22,100,0
2,93,34,82,44,91,47,82,86,90,90,92,91,90,96,1,97,89,100,0
11,90,15,94,39,90,60,83,83,77,95,92,100,0
4,30,14,82,93,98,100,0
2,19,11,88,41,73,44,94,59,76,95,36,96,39,100,0
3,58,6,89,71,80,75,88,85,80,87,83,100,0
3,20,26,47,28,51,36,61,68,84,87,61,94,55,99,0
12,68,84,53,89,0
2,7,13,79,26,99,51,56,58,55,71,98,91,29,99,0
3,94,48,98,64,72,88,25,93,98,99,0
32,54,59,67,84,94,86,67,99,0
27,19,31,0,33,44,56,64,66,70,80,40,91,78,100,0
4,2,9,52,21,63,30,77,80,30,86,42,87,67,99,25,100,0
6,12,7,58,23,78,55,88,66,52,75,15,79,67,83,72,90,67,98,0
4,63,15,0,21,48,24,0,35,55,36,0,51,1,54,0
8,36,11,40,14,82,16,100,45,98,49,91,50,82,52,83,65,89,79,83,95,75,97,36,99,0
1,3,5,73,8,87,24,100,36,99,100,0
16,36,35,91,38,94,72,91,82,72,89,93,99,15,100,0
6,14,20,77,69,93,98,0
5,48,25,83,44,74,74,73,97,0
3,89,36,43,62,49,72,43,74,0
11,73,17,84,75,98,84,84,85,95,87,10,92,48,97,10,100,0
6,58,16,67,17,73,25,74,35,76,41,81,46,94,67,81,86,82,97,80,100,0
13,98,17,0,71,76,97,0
29,65,74,37,97,0
5,27,7,57,45,97,81,86,89,53,95,51,96,0
14,54,23,92,49,77,70,97,86,77,87,54,97,78,99,0
1,74,22,97,32,100,83,97,88,84,92,88,99,0
19,24,24,92,36,24,48,33,53,96,60,47,62,100,94,19,100,0
4,94,42,99,43,100,80,94,96,37,98,23,99,17,100,0
9,63,11,70,28,76,44,99,85,96,93,89,96,0
19,6,26,8,50,70,83,59,84,0
1,56,16,91,40,73,48,86,81,79,88,96,97,98,100,0
7,72,35,56,41,88,93,68,94,84,100,0
8,78,42,87,75,89,82,87,99,0
11,93,73,90,76,96,83,90,96,52,99,39,100,0
13,21,22,29,24,66,29,95,44,84,46,66,49,78,69,79,88,29,97,0
27,9,28,62,63,30,71,17,77,50,78,0,80,56,95,0,96,24,97,7,99,0
2,45,6,94,56,92,70,93,90,80,91,86,93,80,99,0
9,89,33,100,48,89,52,65,58,100,87,62,92,50,93,0,97,22,100,0
20,53,22,93,69,78,83,75,93,69,97,0
1,17,5,0,12,51,14,76,39,100,52,85,65,80,66,87,72,97,97,56,100,0
2,27,9,15,12,74,29,0,38,78,52,83,65,78,67,53,69,67,70,70,82,92,92,70,95,88,99,70,100,0
3,38,13,83,16,38,21,49,24,99,95,81,97,38,99,0
3,67,9,86,30,88,50,67,79,43,92,13,93,79,98,34,99,0
1,89,30,40,36,47,38,56,43,91,47,99,49,91,93,35,98,0
2,70,19,74,30,73,45,91,76,99,89,91,100,0
5,88,15,26,52,36,85,81,89,36,94,10,96,0
3,8,9,31,19,81,48,97,78,99,80,100,97,97,100,0
14,18,27,58,30,70,41,58,49,66,56,72,58,99,78,72,84,58,88,74,97,5,98,0
3,10,21,89,46,96,47,89,80,86,83,65,87,85,98,16,100,0
1,76,17,77,32,76,44,32,62,21,75,71,91,96,94,71,96,52,97,0
2,45,9,74,37,77,63,95,65,77,73,99,81,77,97,0
1,71,15,70,19,37,23,70,24,96,51,99,80,96,100,0
4,2,11,76,16,79,25,93,33,79,64,76,89,40,100,0
2,48,5,71,14,92,25,83,66,73,72,48,78,55,99,51,100,0
3,15,4,89,15,90,61,89,85,88,88,81,98,97,100,0
1,45,3,77,17,15,24,46,27,89,67,85,84,66,100,0
9,68,29,56,48,77,90,66,94,47,100,0
8,42,10,100,61,46,72,76,73,77,78,76,79,46,86,45,89,47,91,87,100,0
8,44,14,50,23,44,70,95,84,44,99,0
14,67,38,85,87,0,92,66,95,0
19,52,24,93,51,100,77,99,99,31,100,0
9,1,10,9,13,54,16,66,21,97,34,54,37,56,40,65,54,56,67,54,71,99,87,47,90,56,96,86,100,0
13,83,24,88,74,29,76,96,87,43,90,29,98,0
7,67,8,100,69,89,72,96,91,97,93,96,96,89,100,0
2,57,6,65,70,72,78,82,88,88,90,82,100,0
11,66,34,75,56,66,97,0
21,40,26,61,44,69,82,55,83,98,92,94,100,0
2,80,5,0,7,89,33,100,49,97,82,66,86,99,98,79,100,0
19,85,77,87,93,0
3,37,7,56,8,57,26,59,55,100,83,84,85,85,88,84,95,33,98,55,100,0
5,89,15,94,36,97,54,94,77,96,87,89,96,94,97,89,100,0
1,85,10,0,52,33,59,68,68,33,79,97,81,33,88,0,91,11,94,0
6,79,10,56,22,68,25,88,86,98,94,50,95,47,96,0
2,100,37,96,79,91,85,93,86,91,87,100,98,91,100,0
1,27,2,33,5,45,6,69,7,97,48,93,71,72,81,83,89,93,94,83,97,85,98,83,100,0
1,87,17,57,38,99,67,63,83,59,85,64,96,0,98,28,100,0
7,68,17,0,23,76,71,64,99,0
4,27,11,92,33,89,42,38,51,35,71,96,88,86,94,27,96,0
13,13,19,21,24,75,26,95,39,75,79,63,94,0
30,6,35,0,73,15,77,0
14,99,96,0
4,37,11,79,22,40,35,44,46,79,58,40,60,71,73,40,77,37,78,88,85,91,93,53,94,74,96,53,97,34,100,0
2,9,8,44,21,74,27,44,31,47,32,70,64,71,66,70,74,74,92,70,99,58,100,0
7,29,36,16,48,36,50,58,53,51,69,81,90,82,95,88,99,0
1,51,13,93,67,76,77,59,94,0
1,84,27,74,32,95,58,100,87,72,96,52,99,0
5,6,11,55,40,88,69,61,71,81,79,61,84,63,95,61,96,44,97,0
7,27,15,54,52,33,66,0,72,34,75,37,89,34,91,0
17,34,19,97,51,31,55,62,67,34,68,94,80,98,100,0
5,61,6,66,25,47,51,36,55,23,56,60,66,96,97,0
4,22,8,24,10,94,26,91,43,86,48,89,68,88,82,91,85,88,90,73,92,23,100,0
5,91,13,96,71,95,99,0
1,82,12,97,32,100,59,97,72,38,76,75,94,68,99,0
2,68,28,84,30,68,61,67,62,74,72,68,77,91,88,68,96,40,100,0
6,48,86,29,89,0
1,39,35,67,36,79,40,100,82,74,92,3,93,97,94,3,95,0
1,89,20,90,59,89,81,87,92,83,95,23,97,48,99,5,100,0
15,36,16,83,72,78,88,72,98,0
4,12,18,72,49,0,66,87,97,0
1,56,2,63,6,95,13,63,48,90,89,80,90,88,98,42,99,15,100,0
14,4,29,71,90,79,98,0
4,88,35,90,47,100,86,80,100,0
7,76,11,79,20,92,54,79,84,76,85,94,93,82,95,67,100,0
17,84,24,9,33,50,54,9,55,35,83,75,86,35,93,0
7,77,30,95,80,77,82,85,94,0
6,93,41,74,48,97,77,98,97,10,98,0
5,84,7,88,24,56,28,18,49,70,54,18,86,11,93,92,94,11,96,71,99,11,100,0
2,31,3,41,6,90,50,41,62,67,80,89,84,79,91,98,97,0
8,83,96,79,99,0
44,15,59,0,85,100,98,0
9,72,16,86,52,94,58,86,82,88,89,80,92,65,96,83,97,65,98,49,99,6,100,0
59,2,61,0,63,65,73,0,84,12,91,0
10,95,11,0,15,7,16,15,22,27,34,86,82,82,95,37,98,40,100,0
20,20,26,96,56,82,68,83,96,95,100,0
4,74,16,77,35,81,38,77,40,92,68,46,72,82,77,83,82,46,99,43,100,0
4,55,34,38,42,43,47,75,59,90,69,94,92,52,93,23,98,97,99,23,100,0
2,42,9,70,45,74,50,76,52,87,61,96,64,87,89,95,99,44,100,0
3,86,54,91,64,86,73,0,75,21,79,5,82,65,90,5,95,68,100,0
7,75,54,74,65,46,84,44,86,55,94,0,96,96,98,0
2,53,8,98,54,89,76,95,97,0
22,12,37,50,47,55,62,0,69,24,74,91,76,24,92,0
1,81,24,98,33,83,42,93,61,83,76,72,78,99,93,84,94,72,99,34,100,0
7,32,13,73,53,0,68,31,73,14,77,58,98,44,100,0
18,9,27,23,34,94,65,79,68,69,70,71,86,42,90,54,97,55,99,28,100,0
1,98,32,89,44,26,46,75,78,31,81,76,88,26,89,0
22,93,64,78,77,81,83,60,84,43,87,0
14,86,27,100,54,95,58,86,74,96,96,86,98,95,99,0
7,18,11,21,15,37,17,97,44,82,82,78,84,48,86,80,91,53,94,94,99,0
7,83,49,89,97,1,100,0
2,11,13,34,30,70,40,74,66,70,67,34,70,75,71,82,91,75,98,29,100,0
3,76,52,93,61,53,73,85,98,0
27,4,38,0,64,83,67,0
1,98,44,97,58,81,95,73,100,0
4,74,61,59,62,23,65,43,76,67,91,93,92,67,98,88,100,0
4,83,11,94,59,74,90,54,98,82,99,44,100,0
7,11,12,92,35,97,71,71,77,59,83,94,85,63,87,59,88,80,94,44,96,17,99,0
66,58,81,70,98,0
15,12,24,97,46,66,56,87,74,57,79,84,87,80,88,48,89,38,91,50,98,0
2,64,9,73,15,78,24,96,54,78,72,82,97,9,100,0
6,42,7,0,13,28,22,32,24,72,36,45,37,85,61,45,62,79,69,88,72,79,96,43,100,0
7,80,20,93,67,82,71,87,94,92,95,87,97,82,98,9,100,0
1,73,9,100,81,67,82,74,93,61,95,27,98,0
1,58,5,61,6,80,55,94,71,80,88,92,97,78,100,0
2,20,6,58,8,71,10,86,48,79,79,87,96,84,97,95,99,79,100,0
24,94,47,0,57,90,90,0,95,78,96,0
16,48,20,52,27,58,30,99,58,90,93,74,100,0
5,56,9,48,44,68,47,73,54,85,55,73,72,90,100,0
10,60,29,87,36,98,66,99,75,87,86,28,89,0,93,9,100,0
27,79,77,85,78,79,95,60,98,0
6,16,9,77,45,73,61,86,78,83,100,0
2,35,10,84,50,86,81,84,82,90,83,93,96,21,98,16,100,0
2,77,11,90,58,77,61,95,71,77,85,76,95,35,99,0
3,40,4,70,23,83,45,98,82,82,95,56,97,17,100,0
8,56,20,74,24,100,28,74,60,81,61,74,69,95,81,74,95,0,96,93,98,0
7,56,56,42,60,61,61,42,65,49,82,75,83,49,93,42,100,0
1,100,5,77,10,95,19,76,22,79,25,88,26,90,67,79,86,69,89,45,95,83,100,0
33,68,80,12,96,0
24,56,67,0,69,4,79,86,97,4,100,0
5,62,13,84,39,91,66,69,83,83,94,27,99,15,100,0
1,17,6,20,15,35,28,66,31,35,44,47,49,94,55,55,73,99,98,49,99,0
9,63,12,84,52,95,63,63,69,90,78,67,88,83,93,67,94,0
4,96,86,81,93,77,99,0
29,18,91,53,93,18,95,9,100,0
7,25,10,38,14,56,23,84,54,95,62,56,63,0,71,3,89,0,92,15,95,85,99,0
25,14,56,69,91,78,95,85,99,0
5,67,58,84,65,74,77,67,86,62,96,49,99,8,100,0
2,17,14,0,53,5,67,89,86,26,93,0
9,51,11,84,14,51,18,84,84,50,93,47,96,27,99,0
4,94,92,66,97,0
1,19,8,95,23,28,31,72,33,85,68,83,69,99,89,83,100,0
3,62,11,83,18,93,48,99,75,45,83,66,95,54,97,43,100,0
53,52,71,90,84,0
2,72,3,78,15,81,25,84,47,86,92,84,95,86,97,25,98,0
3,5,14,47,21,79,63,85,66,89,89,91,92,70,96,45,98,5,100,0
3,58,15,86,30,58,35,89,52,96,60,89,77,77,81,99,83,77,85,89,97,53,98,90,100,0
1,81,6,96,52,98,97,94,100,0
28,90,34,94,49,99,87,95,91,81,94,66,96,0
4,41,22,45,38,60,41,45,45,96,72,80,84,65,96,44,98,0
2,79,48,71,52,82,69,54,72,87,92,80,97,96,98,48,99,28,100,0
3,78,31,87,48,100,54,87,71,89,79,87,87,41,90,63,100,0
25,37,58,0,80,33,95,0,96,24,97,0
1,71,24,0,87,52,97,0
23,7,27,63,52,95,100,0
11,33,16,80,25,66,32,72,34,66,87,76,91,66,98,0
2,16,7,75,22,100,31,81,51,75,64,62,71,80,99,54,100,0
80,93,91,90,98,0
3,47,4,61,7,92,18,99,79,89,85,87,94,93,97,87,99,0
2,55,29,99,80,46,87,34,92,57,95,34,96,68,97,34,99,18,100,0
7,76,11,96,89,92,92,71,100,0
11,100,77,12,79,0,95,87,96,0
3,3,11,60,13,37,14,3,16,84,34,97,51,69,63,27,69,85,71,87,72,85,81,16,83,73,87,45,88,10,89,0,94,34,97,0
23,32,33,0,66,1,95,0
4,93,85,79,87,84,88,79,94,92,99,49,100,0
4,6,7,77,8,97,19,77,24,76,46,92,69,94,96,92,98,77,100,0
2,83,11,84,15,93,44,90,89,84,91,75,97,67,99,36,100,0
1,52,11,72,20,84,38,92,61,49,66,44,80,22,84,48,85,22,87,0,96,54,99,0
2,32,4,64,23,98,30,64,58,51,63,78,80,91,87,92,98,91,100,0
54,72,91,50,100,0
8,79,36,93,56,80,59,87,77,91,96,73,100,0
2,93,32,0,86,61,94,0
8,54,63,88,91,9,96,67,97,83,98,67,100,0
3,36,14,75,17,72,24,74,59,77,73,72,74,70,84,87,85,70,88,50,92,0,94,78,98,0
3,37,10,78,13,51,33,89,41,51,56,64,66,100,73,64,90,57,96,0
1,38,3,94,19,99,64,94,72,96,79,88,92,89,94,88,98,0
7,72,38,82,40,72,55,53,58,100,84,89,96,52,97,28,100,0
11,66,32,76,74,66,95,89,99,29,100,0
4,20,7,95,35,98,73,95,86,90,97,0
61,16,66,88,92,16,93,57,100,0
39,11,48,42,65,11,82,0
4,89,47,13,50,15,91,0
2,3,12,83,35,86,37,95,38,86,65,100,75,92,85,86,92,15,97,0
6,63,18,80,28,87,66,81,67,97,73,99,97,80,99,0
17,37,24,60,59,37,66,60,74,37,87,71,88,91,98,0
6,31,18,95,89,99,94,20,98,0
3,95,46,92,100,0
2,10,3,83,37,93,97,77,100,0
10,53,39,33,49,35,67,33,69,50,93,44,94,90,97,91,100,0
24,58,49,18,65,0,75,79,83,0
37,12,87,79,98,0
7,31,8,93,10,31,18,35,19,99,48,74,52,96,85,99,100,0
3,37,5,52,8,37,10,78,17,90,29,78,41,95,68,62,79,69,84,62,87,56,89,0,90,89,91,0
14,49,27,57,47,90,84,0
6,63,28,74,38,63,42,91,76,89,95,70,99,6,100,0
8,61,9,83,21,82,23,91,62,82,63,90,77,89,86,82,89,68,91,69,94,84,99,0
6,50,13,86,20,100,67,71,73,56,93,15,98,0
6,12,7,51,8,70,9,71,86,67,87,85,99,0
28,27,30,65,45,82,80,65,84,27,88,0,90,62,92,0
3,2,9,11,18,23,20,28,21,89,40,40,45,80,48,65,73,69,89,80,93,69,100,0
5,88,7,0,30,58,81,25,92,0
8,15,15,75,20,79,29,75,37,56,40,80,42,56,50,36,57,77,59,46,63,80,69,95,88,79,98,61,99,0
10,98,76,56,80,62,81,95,84,97,96,96,100,0
4,97,81,34,87,23,88,13,100,0
10,32,27,69,49,91,59,61,76,52,89,73,99,0
6,22,9,60,28,69,40,80,62,60,69,80,90,79,95,0,98,32,100,0
2,71,3,74,7,96,63,74,91,72,97,0
4,2,7,81,57,82,65,81,71,73,93,48,94,60,97,33,100,0
20,26,43,77,81,0,85,94,88,0
4,5,5,46,11,96,83,91,86,46,87,15,95,88,99,0
11,49,21,71,25,92,26,95,55,92,100,0
20,62,93,0
12,45,13,100,71,83,90,75,99,0
26,86,36,92,45,86,87,2,88,0,92,48,93,0
4,66,36,52,54,86,80,85,85,54,89,72,100,0
15,34,23,43,31,78,41,80,57,72,83,57,86,62,92,93,97,62,98,0
10,3,13,76,21,13,27,26,48,64,70,26,72,99,75,22,79,21,81,15,82,13,85,74,86,13,89,3,91,0,97,75,100,0
9,95,27,74,43,78,97,0
2,72,8,73,37,82,41,90,49,91,57,82,59,93,99,77,100,0
1,24,21,76,48,66,62,57,91,58,97,55,100,0
2,100,79,23,81,54,89,0
2,16,12,44,43,58,60,91,61,58,74,54,82,44,83,69,97,24,99,0
14,52,19,17,39,83,85,45,89,0
69,57,70,80,76,84,93,64,96,0
9,84,95,0
22,70,46,90,48,70,49,0,57,24,73,95,74,24,85,64,99,0
10,34,24,49,25,54,29,100,76,54,78,93,97,65,99,0
26,66,51,68,86,32,87,0
10,93,19,40,37,0,59,47,89,0
1,68,2,100,57,91,99,0
13,92,17,98,40,92,96,0,98,84,99,0
2,73,5,98,74,73,84,42,100,0
5,84,69,56,75,87,76,97,93,56,98,53,99,47,100,0
1,87,29,88,33,97,52,89,73,94,84,85,90,77,96,88,99,0
1,67,33,74,57,67,97,0
6,98,63,90,93,87,97,75,100,0
5,43,17,25,20,100,44,95,84,100,89,0,98,34,99,0
1,71,12,98,27,71,65,86,88,71,91,85,94,97,100,0
2,59,4,86,38,95,57,69,73,67,77,59,80,94,96,0
2,17,7,0,15,34,26,38,34,40,45,34,48,19,49,27,50,61,54,66,67,67,77,66,83,63,99,61,100,0
5,24,18,34,25,97,90,90,93,64,96,68,98,87,99,68,100,0
5,92,90,43,92,90,98,28,100,0
10,90,18,99,27,100,60,99,95,73,97,23,99,0
7,75,23,84,69,91,71,75,83,73,91,52,98,7,99,0
5,27,59,51,68,83,88,82,93,51,99,0
3,70,35,74,86,91,87,93,92,91,94,90,100,0
15,72,54,0,81,1,89,0
17,34,30,78,31,34,43,95,69,56,76,37,87,62,92,41,93,37,97,0
15,62,46,80,76,11,95,0
5,62,15,91,96,83,97,0
8,14,25,71,34,7,36,68,56,97,100,0
1,54,16,64,26,95,48,64,55,69,80,77,97,69,98,0
1,86,52,88,53,97,60,88,69,86,72,100,88,77,98,67,99,37,100,0
9,78,34,71,54,62,60,90,66,94,87,90,96,77,100,0
19,49,20,82,77,99,95,82,98,8,100,0
1,98,34,89,92,95,97,91,98,51,100,0
28,1,72,0,89,93,92,0
3,81,28,93,34,97,45,83,58,98,96,84,97,72,100,0
4,34,5,35,7,75,17,80,57,67,65,99,96,73,100,0
3,88,14,75,42,96,52,97,75,96,79,75,91,40,96,0
2,94,8,43,22,0,24,18,31,88,63,69,69,71,71,85,77,96,85,85,88,79,90,58,98,0
26,17,30,20,33,31,35,73,40,85,71,20,81,66,84,35,94,4,96,0
14,44,35,51,51,44,66,23,75,51,89,87,92,0
6,93,31,0,94,90,95,0
5,100,70,57,81,0,90,70,93,0
12,35,75,72,78,88,94,72,99,0
7,33,20,72,50,33,63,92,90,6,93,90,99,0
11,89,72,79,82,67,95,0
3,37,4,87,56,99,90,85,92,84,97,36,100,0
2,92,61,87,74,76,86,69,97,58,98,31,100,0
9,20,29,97,50,93,94,24,98,0
11,41,18,42,26,85,31,97,33,98,46,97,64,85,81,56,83,58,96,56,98,0
10,95,24,13,27,24,28,94,49,96,80,94,86,93,98,0
9,75,18,94,65,64,68,70,85,64,98,0
27,64,30,0,37,85,91,46,96,0
1,46,5,81,52,59,57,81,87,70,92,51,96,35,98,10,99,8,100,0
9,25,12,0,21,29,28,50,38,80,39,93,60,100,63,93,93,50,96,0
10,59,31,72,42,95,54,73,85,68,93,97,96,68,98,26,99,0
3,49,47,91,83,96,91,36,92,0,93,95,96,0,97,53,100,0
3,59,21,0,27,58,32,86,57,78,68,0,77,21,83,0,93,78,94,0,97,63,98,88,100,0
35,59,76,83,77,59,83,0
11,12,13,42,41,69,42,85,70,96,99,84,100,0
2,71,20,75,36,71,48,94,53,71,88,78,91,71,96,79,99,0
1,56,6,97,64,54,78,45,81,83,90,41,91,0,97,37,99,0
17,83,19,0,32,48,53,8,68,91,73,8,74,0,83,65,84,96,89,65,96,22,97,0
2,34,12,59,16,34,18,39,20,56,23,81,47,88,53,91,100,0
1,73,19,93,36,73,56,75,70,80,90,48,99,13,100,0
6,31,7,55,8,71,16,80,44,88,45,94,63,91,80,80,95,76,99,50,100,0
4,31,6,53,9,62,32,72,51,100,58,97,69,88,94,43,99,0
19,68,30,87,65,98,84,89,86,87,97,21,99,0
3,87,62,54,74,93,78,96,90,93,99,76,100,0
9,75,17,85,23,86,65,90,72,86,75,96,76,86,91,26,95,0
2,93,23,98,82,82,93,51,96,25,97,0
2,38,43,31,59,86,69,61,77,48,80,31,86,27,92,0,97,8,99,0
8,98,29,87,42,94,50,98,66,87,84,94,99,60,100,0
5,32,7,88,35,67,62,44,68,50,72,0,77,5,82,0,92,3,97,12,99,0
4,20,16,71,17,87,25,95,41,97,84,92,91,62,93,10,95,0,96,53,99,0
9,46,15,61,18,81,57,70,69,51,73,86,92,47,95,21,98,0
4,48,19,31,27,69,30,92,38,69,39,81,52,59,59,78,64,80,69,78,96,39,100,0
7,52,53,68,58,0,97,70,98,0
1,74,7,97,29,99,61,87,85,97,96,66,97,80,99,0
41,23,69,0,82,21,90,0
5,100,86,49,92,14,98,0
3,97,22,87,23,22,33,38,37,86,77,98,96,47,98,14,100,0
3,23,4,67,9,95,11,98,34,95,51,52,80,90,83,93,85,90,92,52,97,0,98,95,100,0
30,94,81,0,84,95,87,0
9,44,30,82,35,86,81,74,83,81,85,87,98,81,99,0
36,67,40,0,54,27,77,31,87,27,94,0,98,88,100,0
5,44,15,76,45,58,66,50,67,74,77,38,85,20,88,4,91,3,100,0
8,77,67,20,73,8,76,0,80,40,87,67,98,0
21,3,39,62,40,100,43,62,56,3,83,0
37,78,58,74,72,29,76,55,85,29,86,76,88,21,92,73,100,0
9,58,14,15,25,23,37,15,66,46,73,0,74,2,79,30,91,0,94,80,96,0
8,42,9,77,67,96,78,79,79,64,98,5,100,0
23,49,24,52,59,49,67,46,82,6,97,0
10,2,27,0,55,52,81,63,96,44,98,74,100,0
9,53,17,70,38,83,74,90,75,83,84,71,91,88,97,62,100,0
2,42,8,49,10,66,34,80,35,66,39,56,42,90,45,99,46,90,58,56,62,42,65,99,82,29,89,28,93,92,94,90,99,32,100,0
6,79,30,97,63,98,72,97,84,96,85,80,88,77,100,0
18,38,29,49,34,65,45,38,96,0,98,61,100,0
2,31,3,39,10,60,19,71,21,82,41,71,66,96,73,50,89,76,98,31,100,0
1,3,10,17,12,73,17,96,71,82,100,0
6,3,8,54,14,57,28,54,35,8,36,68,47,8,50,14,57,44,76,71,85,87,86,72,93,39,96,8,97,0
1,24,7,89,24,76,87,65,95,64,98,0
4,56,5,71,10,80,20,100,99,0
17,93,25,98,78,93,85,88,89,72,92,45,94,82,100,0
1,95,67,84,78,0
36,45,42,68,52,89,63,91,86,89,100,0
18,56,36,95,48,56,55,57,94,0
3,75,14,0,20,22,22,0,41,3,74,93,81,0,83,85,95,0
16,94,33,0,36,61,42,96,62,61,74,87,91,0
8,13,29,45,45,74,53,86,65,100,86,86,93,89,98,0
6,93,85,100,95,85,99,0
8,14,31,0,68,25,80,0,82,66,87,97,92,66,96,0
12,70,49,81,61,74,66,70,67,95,99,27,100,0
1,28,11,96,56,97,96,0
4,36,5,82,41,90,50,25,74,84,92,24,98,62,99,24,100,0
3,64,17,81,23,88,27,95,70,93,76,75,86,80,91,75,98,36,100,0
3,78,13,96,43,100,72,96,79,78,92,67,99,0
7,11,30,88,43,72,48,70,83,99,95,69,100,0
5,69,12,98,60,89,68,97,96,89,98,81,100,0
3,51,20,77,38,51,39,66,40,75,41,66,51,78,65,66,68,63,85,40,86,68,87,40,91,100,95,40,99,27,100,0
7,57,34,78,35,90,43,92,44,90,74,78,78,57,98,0
9,41,13,80,19,59,52,64,60,95,82,11,93,7,97,25,99,7,100,0
2,7,35,77,58,85,71,77,91,0
10,90,41,97,67,90,70,73,82,100,96,73,100,0
6,23,11,32,35,52,78,87,93,10,94,92,97,26,98,10,100,0
14,85,42,69,62,60,79,49,84,12,100,0
3,23,20,100,95,70,97,0
12,61,13,97,53,100,95,0,98,8,99,0
40,6,46,58,74,6,78,76,93,0
8,14,18,44,26,81,28,96,51,66,77,56,81,59,85,56,86,45,97,0
4,90,11,99,28,90,73,47,76,25,78,0,85,7,95,0
3,54,6,0,20,70,24,92,68,91,77,90,80,88,86,54,96,0
2,63,11,73,22,63,26,71,57,80,63,63,70,72,77,59,79,83,93,35,97,31,98,0
19,48,33,92,80,87,83,58,85,63,88,89,94,63,97,90,98,0
1,72,4,52,29,76,33,96,41,100,60,76,74,96,90,83,95,66,100,0
6,50,37,40,64,37,66,70,77,90,89,0,96,64,97,0
9,71,99,0
1,16,11,38,15,93,50,95,81,90,93,15,96,0,98,39,100,0
14,63,18,88,54,75,55,88,69,75,75,96,81,75,83,71,88,32,92,65,93,90,95,93,96,90,98,65,99,54,100,0
3,5,19,73,56,52,58,74,68,52,79,32,86,33,87,65,95,33,99,24,100,0
10,75,44,79,51,89,80,75,84,71,99,0
3,16,9,0,19,1,31,0,38,75,80,34,90,0
26,17,33,72,60,98,82,72,94,85,100,0
4,94,90,72,96,45,98,81,99,0
1,53,12,82,47,96,53,82,65,100,96,53,99,41,100,0
10,31,18,51,63,67,85,73,86,81,88,73,92,51,96,54,98,50,99,31,100,0
5,34,13,78,79,73,90,0
4,44,49,73,50,95,59,99,80,78,89,56,97,12,100,0
6,96,51,44,73,38,84,0
2,99,3,0,4,49,6,57,7,80,9,57,37,55,40,62,45,76,68,72,69,66,83,74,89,90,91,55,94,58,96,76,97,58,98,55,99,0
10,79,31,90,36,79,37,81,50,91,67,81,87,79,90,82,91,79,94,2,98,0
2,1,3,71,17,73,24,85,51,71,68,87,78,100,95,0
3,28,30,29,34,79,57,75,71,99,86,75,96,61,100,0
35,78,92,61,96,0
2,47,10,62,46,91,66,100,75,94,77,91,79,90,87,75,99,20,100,0
36,24,54,4,73,73,81,4,96,0
12,17,35,69,70,72,75,55,80,81,97,0
16,52,18,78,31,52,33,84,49,93,93,60,95,78,96,48,100,0
11,100,59,63,73,46,78,29,79,0
44,67,88,0,90,19,94,0
4,63,11,0,17,30,20,82,52,94,89,81,96,90,100,0
73,63,100,0
23,81,51,91,56,99,59,91,92,74,98,0
3,14,9,87,70,100,95,14,97,0
19,25,25,44,83,62,86,44,90,2,94,62,97,2,99,0
1,65,27,99,83,0,93,71,99,0
5,84,31,95,74,87,95,77,100,0
13,4,14,34,15,41,16,46,25,78,43,90,60,96,68,90,86,70,90,68,98,57,100,0
10,75,67,72,75,0,78,55,83,50,93,5,94,77,97,5,98,0
5,70,25,53,34,99,94,66,100,0
36,30,60,0,87,99,95,0
71,51,80,31,97,12,98,0
7,27,8,0,25,87,48,82,58,90,90,92,95,55,98,0
10,88,33,93,50,88,73,99,83,86,99,0
1,95,51,74,93,73,98,0
14,64,49,38,82,58,86,0,87,83,99,0
11,43,20,51,23,80,34,51,42,73,75,86,78,80,82,47,86,39,87,60,90,28,92,17,99,0
36,66,40,96,42,84,83,0,93,81,99,0
7,77,39,95,63,96,74,95,80,89,81,95,93,87,100,0
1,10,2,64,11,78,23,83,34,98,78,83,99,25,100,0
27,23,31,0,35,56,39,74,89,13,92,94,98,66,99,0
3,58,6,73,19,91,95,96,97,91,98,63,99,36,100,0
2,30,5,94,26,88,29,72,59,93,100,0
12,38,19,54,74,74,83,54,93,0
2,27,14,75,55,52,56,93,57,52,62,99,75,52,87,72,89,0
2,65,6,85,12,90,21,96,70,90,76,69,77,63,80,51,87,40,91,84,97,40,99,21,100,0
6,95,33,100,97,64,98,0
4,26,5,91,24,26,25,28,53,58,54,78,59,79,62,92,85,40,87,20,92,19,93,21,95,82,100,0
5,66,43,77,83,85,87,60,100,0
13,99,51,86,63,89,68,86,87,88,96,82,98,61,99,21,100,0
12,93,16,96,19,93,38,96,97,88,99,0
9,80,49,94,80,79,82,78,89,45,96,52,97,61,98,26,100,0
1,12,2,100,62,98,100,0
9,80,36,81,45,93,55,81,68,78,75,66,76,47,96,0
1,56,20,80,32,97,38,80,41,83,56,80,61,81,73,98,83,75,91,56,92,53,98,0
11,60,14,64,92,50,98,7,100,0
7,65,18,98,73,87,74,65,88,61,98,45,99,38,100,0
2,48,11,68,44,99,84,78,98,57,100,0
29,24,47,0,66,63,95,0
4,37,7,56,11,83,15,84,24,88,45,95,51,88,66,57,70,81,72,57,79,25,89,30,98,0
8,61,21,75,28,77,30,78,35,77,53,89,85,77,88,75,99,26,100,0
2,90,39,69,40,79,63,69,70,90,76,99,94,4,99,0
8,70,14,93,94,69,99,0
22,62,23,0,25,78,39,0,40,53,51,89,60,60,65,82,70,87,85,96,91,87,94,0
6,69,13,79,30,92,88,79,90,81,92,79,97,64,99,0
10,53,63,0,96,34,98,0
2,97,71,89,81,85,90,0
7,41,10,98,30,82,73,79,99,0
11,23,12,0,13,71,20,52,27,0,30,2,31,19,43,100,59,84,70,91,74,96,85,91,100,0
2,51,38,27,39,0,94,4,96,0
2,73,7,0,19,88,94,7,95,4,98,0
3,75,13,81,31,75,74,99,97,85,100,0
60,79,92,77,98,0
5,14,12,52,19,91,47,86,62,95,73,84,84,55,89,100,94,58,95,55,96,42,97,0
2,87,21,71,34,100,68,89,90,77,95,44,97,0
1,35,3,49,11,66,23,95,60,94,92,93,95,49,98,38,100,0
6,18,8,86,12,94,19,96,23,98,69,96,83,94,95,80,97,15,98,96,100,0
7,9,8,26,21,32,31,94,82,79,83,74,88,38,94,26,96,0,97,79,100,0
32,55,45,90,60,65,63,71,64,65,83,0,85,76,99,0
7,70,73,81,74,70,75,41,83,49,95,15,99,0
15,34,16,49,31,57,47,77,55,58,66,86,79,75,95,8,100,0
14,52,22,97,26,68,37,86,63,87,95,58,96,21,97,61,100,0
8,82,37,92,49,96,72,87,80,38,94,63,96,38,98,0
4,64,26,82,38,64,49,50,62,92,63,50,65,74,67,82,76,74,81,89,95,74,96,0
20,8,26,96,94,81,98,17,100,0
10,67,13,84,51,56,57,66,63,56,74,58,76,96,91,98,99,0
4,46,13,73,24,54,30,55,40,64,48,55,59,73,84,52,90,58,93,52,94,49,100,0
4,45,8,0,9,87,27,95,48,87,97,44,100,0
5,34,7,66,52,73,56,82,61,92,70,73,94,95,98,73,99,48,100,0
4,10,8,85,40,90,73,82,82,27,87,70,97,15,98,0
8,69,15,82,18,85,19,92,49,94,75,92,78,73,81,48,93,44,98,0
9,66,10,69,27,84,51,96,61,84,90,0
1,90,26,80,64,74,68,84,81,83,92,74,96,0
1,21,9,77,21,85,24,80,46,94,70,76,80,66,85,81,97,59,100,0
25,9,33,83,38,91,89,5,92,37,94,5,95,94,99,0
10,78,50,89,83,100,92,78,99,67,100,0
8,56,23,60,24,56,51,88,66,73,75,89,93,58,97,0
1,35,14,79,45,39,51,49,55,39,63,73,67,39,69,100,80,81,88,47,90,57,92,62,93,57,94,47,95,42,97,29,99,28,100,0
2,5,5,73,37,92,44,95,61,100,85,95,91,92,94,90,95,57,98,92,100,0
6,15,11,56,16,99,60,92,80,78,85,90,89,78,94,82,99,0
5,92,37,72,67,90,81,99,97,56,100,0
24,16,40,90,91,0,96,62,98,2,99,0
21,43,26,49,34,52,60,98,64,52,74,91,77,52,80,89,94,0
3,72,44,93,84,95,90,93,94,75,95,78,97,75,99,2,100,0
28,10,29,99,97,97,100,0
14,70,15,89,93,31,94,30,95,29,97,88,100,0
12,52,13,56,15,62,36,88,39,96,61,88,78,62,87,56,96,13,97,8,98,98,100,0
34,69,76,61,94,40,100,0
46,2,49,0,54,19,73,25,74,64,92,38,97,0
11,92,17,0,32,16,45,6,59,11,70,72,74,65,76,11,83,55,90,11,94,0
5,39,7,84,51,89,52,95,58,89,62,84,68,88,80,97,84,88,86,84,91,96,92,99,99,0
6,24,8,26,10,35,11,61,14,70,37,72,57,79,58,88,71,74,80,72,83,61,85,82,92,44,95,12,96,66,98,81,99,0
13,70,18,77,39,70,49,80,68,70,70,99,87,82,95,70,98,74,99,0
1,40,29,74,59,100,71,74,85,59,99,0
2,41,21,82,49,87,52,100,95,0
9,36,23,37,30,47,32,59,42,78,73,59,92,86,94,0,95,69,96,0
2,98,74,54,79,47,82,62,93,43,97,72,99,38,100,0
2,22,15,76,32,80,34,88,60,93,69,94,70,93,71,88,97,47,98,73,100,0
6,74,21,96,49,88,72,79,87,91,96,95,100,0
4,70,72,0,79,67,88,0,92,72,94,0
3,36,4,78,7,71,28,80,43,96,75,71,85,76,91,71,93,55,94,46,98,83,99,46,100,0
4,13,7,0,9,11,14,26,17,96,57,100,60,96,65,94,76,89,77,80,90,44,95,5,96,100,100,0
8,87,49,17,67,85,69,17,84,0,92,50,100,0
6,54,16,100,75,94,89,75,91,73,99,44,100,0
1,39,10,65,21,91,49,65,72,59,83,9,84,31,85,9,86,2,90,33,93,2,95,66,97,0
4,80,49,82,60,80,75,89,81,80,92,61,93,81,96,43,98,40,99,31,100,0
3,86,15,0,25,75,60,49,71,97,98,0
5,5,6,0,10,49,22,73,71,59,89,2,99,0
14,36,43,0,45,87,57,93,71,64,73,95,76,13,85,65,87,71,98,0
13,36,42,100,82,61,83,84,84,90,92,84,96,38,99,0
1,6,10,13,26,29,31,56,33,73,59,56,81,62,91,0,94,11,100,0
2,96,19,89,21,95,30,89,35,87,46,88,67,89,94,95,99,0
4,43,30,82,67,74,82,84,89,74,99,0
3,11,8,89,15,37,21,79,22,82,38,91,60,99,67,91,76,36,80,63,81,75,98,51,100,0
8,24,17,67,38,74,44,92,71,81,72,95,87,86,90,43,97,24,100,0
4,82,22,93,36,82,61,85,97,98,99,85,100,0
2,56,13,84,39,56,68,79,72,93,80,98,90,93,91,96,94,78,99,37,100,0
3,3,4,12,13,51,19,58,38,88,71,37,77,45,82,37,92,59,95,73,98,59,99,13,100,0
14,31,17,63,32,99,33,63,45,94,60,95,84,98,89,95,91,47,95,57,96,98,100,0
53,20,76,66,77,20,86,66,96,0
1,24,17,43,20,63,35,81,59,95,86,89,89,0,91,67,99,0
5,85,42,86,71,99,96,75,97,92,100,0
1,92,79,88,99,0
15,30,19,72,54,86,67,72,100,0
13,20,15,35,16,20,19,49,21,74,70,71,72,68,88,53,97,90,98,0
3,13,18,69,19,13,33,17,38,62,45,54,60,63,65,94,97,46,99,0
4,53,22,90,39,98,64,90,80,52,81,40,99,33,100,0
3,27,4,66,15,96,21,99,75,96,97,81,99,22,100,0
4,66,9,69,23,88,25,69,41,76,45,88,47,76,72,78,85,76,98,45,99,0
6,8,9,50,12,93,29,87,31,50,57,99,96,95,99,5,100,0
5,96,99,55,100,0
1,9,2,83,34,89,40,76,68,79,72,87,78,79,87,76,92,72,93,52,95,0
18,22,42,41,44,49,55,41,62,86,74,41,99,22,100,0
3,75,18,93,21,75,38,74,41,88,42,74,88,93,93,39,96,95,100,0
41,51,45,65,67,99,82,87,89,54,93,51,96,0
4,100,51,95,70,60,86,66,87,60,91,16,98,0
27,100,71,0,74,74,75,0
1,93,83,80,94,67,97,41,98,74,99,41,100,0
1,17,9,95,20,33,22,63,31,76,34,97,43,98,74,81,98,83,99,81,100,0
11,86,14,89,22,86,45,93,51,97,55,93,78,67,82,73,88,67,96,66,100,0
16,79,18,96,45,98,47,96,91,16,98,94,100,0
3,29,19,66,23,76,41,80,89,0
9,50,17,98,34,50,38,59,45,91,51,100,54,91,65,90,70,50,74,55,77,83,82,55,87,44,91,42,94,4,99,0
2,80,53,85,69,80,98,0
3,62,5,98,7,82,29,62,31,67,49,100,93,88,100,0
1,56,2,99,62,83,73,76,98,0
6,91,20,49,22,53,41,82,42,53,44,93,91,43,94,57,96,95,97,23,100,0
1,28,12,36,14,83,39,89,53,83,66,99,94,0
2,93,40,55,47,85,60,82,70,56,81,62,94,14,96,42,100,0
4,100,46,98,60,86,75,95,84,98,98,95,100,0
6,42,17,64,47,80,48,70,57,72,60,70,68,96,85,64,96,75,100,0
1,9,7,59,20,79,59,80,64,68,71,77,78,97,97,68,100,0
2,24,14,74,29,87,70,100,100,0
5,91,29,100,75,96,99,0
2,25,8,92,9,25,11,52,32,31,45,45,54,31,80,92,86,98,99,0
8,81,23,0,36,66,38,0,55,45,78,0,95,94,96,98,99,16,100,0
13,56,18,0,28,52,34,0,38,16,39,39,43,66,57,70,84,73,96,58,99,0
11,38,18,44,23,59,35,61,70,71,93,45,94,44,97,57,98,37,100,0
2,82,9,86,73,98,83,100,99,0
7,18,23,79,32,85,52,87,59,81,87,84,93,81,100,0
11,38,31,58,50,87,72,72,87,38,92,27,94,16,97,15,100,0
11,31,22,96,59,99,74,96,80,52,82,74,83,52,94,38,95,24,98,0
7,93,16,96,71,68,93,77,98,0
14,54,30,77,34,100,92,79,94,77,97,81,98,31,100,0
9,90,39,88,47,70,56,83,66,91,93,76,99,73,100,0
11,20,18,71,23,36,39,65,43,36,45,61,53,85,57,95,96,75,99,0
2,18,5,54,30,91,53,98,63,91,94,100,99,91,100,0
3,42,9,74,28,80,36,97,44,99,98,72,99,70,100,0
2,66,12,91,38,66,39,51,51,95,63,92,76,27,77,57,86,2,89,86,98,0
7,24,37,63,65,81,68,63,75,0,86,35,91,0
11,14,13,73,18,0,22,82,32,85,41,90,97,54,99,0
1,97,39,88,95,52,97,0
1,9,39,17,85,16,93,0
7,97,48,76,54,49,72,68,74,73,83,68,94,49,97,58,98,0
28,29,71,0,83,21,96,0
1,100,48,76,51,79,69,76,85,68,90,86,91,96,98,4,100,0
2,100,45,70,73,65,81,39,92,0,94,37,97,0
3,96,51,76,58,66,63,93,66,66,69,53,72,75,78,53,81,68,99,0
14,31,76,0,89,56,92,0
5,89,58,83,65,93,75,83,93,60,95,88,100,0
13,65,22,90,41,65,78,97,88,72,93,65,99,0
8,52,11,60,14,75,19,83,20,95,37,98,41,95,46,75,72,70,78,60,79,42,80,90,82,87,95,51,97,99,98,51,99,0
3,94,10,0,14,22,25,34,28,56,85,34,88,95,98,0
15,16,19,68,27,71,30,84,72,64,96,77,99,0
3,39,11,90,54,97,60,90,78,23,96,22,99,0
1,47,3,58,11,86,26,87,39,65,40,47,54,59,63,63,84,47,85,37,92,38,100,0
71,26,75,0,86,50,94,0
30,84,75,94,100,0
1,28,15,71,29,91,51,73,83,84,94,73,97,0
1,59,21,95,33,59,35,1,50,0,54,2,62,12,65,31,67,12,72,13,73,76,77,98,79,79,82,76,97,60,99,0
16,89,60,92,93,52,98,90,99,0
3,67,21,87,55,91,67,87,88,62,96,97,99,0
37,93,42,0,48,89,59,94,75,0,95,88,99,0
1,43,5,55,24,57,30,75,74,77,80,61,84,64,90,96,96,70,98,64,100,0
6,41,24,71,41,98,90,95,95,98,100,0
14,94,36,58,84,80,86,96,95,35,97,81,98,0
8,68,54,80,75,91,94,86,95,41,97,0
1,81,19,87,45,95,62,87,85,81,90,78,94,85,95,78,98,0
19,88,94,60,95,47,100,0
5,85,20,99,28,85,39,93,58,99,83,93,95,52,99,5,100,0
9,14,15,90,19,94,99,0
14,70,38,15,47,73,63,15,66,99,81,15,82,13,100,0
1,59,84,0,86,42,99,6,100,0
22,54,69,65,75,54,78,59,91,31,92,94,95,28,100,0
1,39,7,40,8,49,14,84,88,67,91,80,94,20,96,0,98,37,99,0
2,54,15,24,50,34,59,27,61,49,67,99,97,58,100,0
18,13,25,40,41,13,58,94,69,13,84,91,85,13,89,94,96,13,100,0
8,40,27,93,31,96,66,58,78,53,87,55,94,53,97,41,98,55,100,0
8,95,12,59,42,73,46,71,55,98,89,85,93,89,97,8,98,0
7,93,94,18,98,0
1,61,89,0
79,14,87,0,89,68,92,0
11,23,19,27,23,79,48,81,52,100,78,95,86,81,90,82,93,43,95,66,98,43,100,0
24,11,48,72,58,11,96,0
65,35,96,21,99,0
27,56,34,0,82,47,83,0,97,32,98,0
15,21,19,53,23,95,56,96,64,95,93,93,98,67,99,0
2,10,6,27,13,92,93,48,99,0
22,54,35,77,42,81,43,80,58,39,60,81,62,96,92,81,96,0,97,89,99,0
17,64,24,77,42,89,91,68,99,0
5,5,10,99,95,76,99,0
4,59,15,83,17,59,34,0,51,66,80,85,94,43,96,80,100,0
25,40,36,0,39,6,50,15,70,0
12,3,15,67,19,89,28,100,36,67,39,69,75,93,84,69,99,0
4,33,5,89,50,33,65,92,94,0
16,84,48,50,66,0
6,7,14,64,19,86,39,91,86,72,87,50,97,57,98,0
1,18,4,78,23,87,45,90,59,92,60,94,74,92,75,90,99,0
2,30,8,57,43,99,92,77,93,79,94,77,98,17,100,0
9,3,16,77,42,83,61,84,85,75,88,9,94,39,100,0
11,7,17,92,85,82,88,61,90,55,96,0
7,88,44,77,48,46,52,78,79,89,97,27,98,16,100,0
4,77,49,97,65,77,72,58,92,38,93,10,95,0
2,100,58,95,79,98,93,38,96,26,97,72,99,25,100,0
1,52,2,77,28,88,49,77,86,95,97,77,98,0
5,92,50,65,71,68,87,81,96,0
1,12,2,27,5,95,25,72,26,100,96,71,100,0
10,35,15,84,77,47,83,77,100,0
6,93,90,24,93,0
5,44,15,96,23,44,32,86,50,84,78,74,82,90,97,3,100,0
4,48,9,57,15,48,26,99,44,93,47,97,95,0
12,61,56,38,90,33,96,9,99,0
6,73,19,81,48,92,62,81,91,93,95,81,98,0
26,64,27,0,76,63,83,0
8,57,49,19,50,23,57,80,90,52,100,0
17,37,37,0,48,38,58,68,59,38,74,99,98,0
7,12,15,94,84,86,93,96,94,86,95,37,98,0
8,65,14,75,16,65,19,71,32,98,43,88,88,72,96,54,97,24,98,0
1,31,5,89,21,87,24,83,47,84,86,93,91,92,95,84,97,53,98,9,99,0
5,57,12,85,95,61,96,14,97,0
6,95,39,80,44,92,87,89,100,0
3,42,12,87,18,42,20,88,63,96,83,99,85,96,94,84,99,0
29,17,38,50,57,80,61,97,79,86,90,66,96,15,98,0
3,47,44,83,76,20,77,13,80,55,100,0
65,99,80,0,95,28,98,0
9,15,11,26,47,46,55,98,60,46,61,74,62,77,98,71,99,0
1,47,6,64,20,96,34,71,49,80,56,72,73,52,78,47,95,0
5,74,10,0,11,89,68,87,77,96,81,97,97,96,100,0
2,50,6,75,9,97,72,71,77,72,83,100,100,0
18,22,32,12,44,96,59,69,65,73,68,69,87,87,90,93,92,87,95,14,96,32,100,0
11,2,28,19,36,44,57,47,88,19,97,0
1,41,14,0,15,96,44,95,68,73,75,59,88,61,89,59,94,28,96,21,98,0
1,84,25,89,74,84,93,0
38,46,62,94,92,38,95,98,96,41,97,38,98,17,99,0
13,55,24,17,28,41,32,51,45,99,62,66,76,68,88,85,92,68,97,92,98,0
19,30,50,0,77,39,88,0
12,26,17,92,44,98,100,0
65,49,68,0,77,36,79,84,91,0
7,9,10,96,58,33,61,92,71,98,78,99,96,42,97,0
11,39,25,72,42,75,45,93,71,98,94,80,95,0,97,65,98,0
2,31,13,56,24,89,95,0
19,76,38,8,78,0,91,44,92,0,94,16,98,7,99,0
9,75,10,97,94,84,95,65,96,27,100,0
4,90,51,37,72,29,83,81,94,71,100,0
21,96,23,12,28,41,70,70,93,71,96,43,100,0
18,60,88,0
11,59,17,84,58,69,95,0
3,77,32,98,96,0
8,91,11,95,72,92,98,4,100,0
61,19,90,0,92,48,94,0
2,50,15,69,43,0,46,8,58,66,84,8,94,0,96,11,98,0
9,54,21,86,64,96,98,0
8,2,16,32,33,45,43,46,59,92,62,46,63,53,70,88,76,97,79,88,93,85,95,46,96,35,99,9,100,0
3,40,7,42,14,53,28,86,51,97,67,54,73,66,96,0
10,60,11,89,57,96,100,0
6,80,18,89,24,90,83,89,100,0
5,97,28,85,37,52,43,76,68,100,76,76,90,44,96,0,97,95,98,86,99,0
11,6,15,18,20,63,77,86,79,87,100,0
14,40,25,71,75,0
7,33,34,23,48,85,66,23,97,0
16,18,18,74,27,95,89,0
4,73,19,85,39,73,49,87,91,0,92,63,94,0
3,16,8,85,11,69,17,98,27,96,39,80,62,69,68,61,85,65,100,0
26,16,30,23,31,26,34,77,52,85,64,77,81,87,86,57,91,95,92,57,93,96,96,57,98,36,100,0
5,41,31,75,48,82,55,84,98,0
3,47,11,75,55,76,60,75,74,65,79,88,81,91,91,59,96,31,98,0
8,62,23,71,43,46,51,39,59,88,71,50,73,61,87,44,89,0
7,100,45,52,67,21,71,0
2,87,41,86,67,68,73,65,76,61,82,65,83,61,93,31,96,0,98,45,100,0
2,16,3,93,29,58,38,49,48,67,49,49,56,91,85,99,91,75,97,33,98,26,99,9,100,0
16,3,29,91,56,4,63,0,68,23,70,0
3,79,38,0,42,91,73,99,81,91,100,0
17,69,66,0,93,39,96,0
8,57,12,74,24,57,31,31,33,94,36,31,37,78,82,74,83,51,87,86,99,14,100,0
4,15,6,94,66,100,71,94,83,97,97,40,98,69,99,0
5,70,17,39,49,89,86,70,99,65,100,0
8,58,39,83,52,58,59,62,76,86,91,51,96,80,100,0
1,97,25,47,30,66,64,71,81,44,82,40,83,13,98,3,100,0
4,43,33,51,36,54,55,29,73,46,75,76,94,46,97,0
10,27,14,91,41,74,53,87,56,74,57,96,73,66,82,0
4,97,51,99,68,97,69,89,74,82,83,62,91,26,92,19,96,0,98,76,99,0
5,86,7,98,55,88,58,98,59,88,96,0
4,28,9,37,11,28,13,70,25,76,49,70,58,96,66,100,89,96,96,52,98,17,100,0
5,26,8,38,9,26,16,86,45,59,54,26,63,85,64,26,68,97,86,96,93,38,94,24,96,0
9,72,28,5,36,83,38,93,95,88,96,39,98,0
1,19,12,0,19,35,21,40,39,100,100,0
36,17,46,2,59,14,66,9,68,2,75,0,86,44,96,0,98,30,100,0
2,16,3,64,52,0,53,41,61,70,70,41,75,93,92,41,96,29,99,0
12,42,34,0,41,40,47,85,97,87,100,0
9,84,27,0,41,96,45,61,96,0
1,1,2,18,6,31,13,96,18,99,62,75,70,67,75,38,76,88,90,27,93,73,95,27,97,10,100,0
20,17,33,85,45,94,73,85,97,12,98,0
12,36,35,0,37,21,53,11,62,0
3,21,6,87,31,96,43,99,71,77,77,76,80,71,93,51,95,0
24,5,26,45,41,69,42,98,81,57,88,45,89,13,90,19,91,70,95,100,100,0
14,33,19,84,37,90,64,52,69,11,74,0,78,46,82,80,97,63,99,0
6,6,8,32,10,62,18,32,20,58,37,32,48,80,82,0,89,97,93,0
27,2,36,0,41,78,60,32,80,91,94,79,96,32,100,0
2,34,9,72,13,98,40,72,59,97,69,78,74,79,80,78,92,76,98,63,100,0
5,59,8,0,10,61,40,87,42,61,58,42,70,88,72,42,90,77,94,42,98,0
2,33,16,70,55,78,75,70,80,53,89,97,100,0
6,58,9,70,16,71,35,84,55,81,72,79,83,74,93,71,96,0,97,83,98,0
2,89,33,90,67,89,93,22,94,0
4,88,32,79,97,0
16,5,64,94,83,5,94,0
21,2,27,91,30,97,41,91,87,46,100,0
10,73,12,99,62,77,76,88,86,100,89,88,90,41,94,85,96,41,99,0
59,65,75,94,92,0,94,14,99,0
4,9,18,28,26,42,28,99,51,92,75,42,94,28,99,0
1,70,12,86,22,70,29,88,72,71,73,64,81,80,83,60,87,0
6,47,16,0,18,85,78,50,79,31,91,15,98,0
3,68,9,100,66,68,87,42,93,44,95,42,99,0
3,34,56,51,72,83,79,34,93,0
4,64,22,76,47,85,48,94,49,95,81,88,86,22,89,73,90,66,97,90,100,0
1,45,7,75,14,83,39,97,95,77,97,78,98,90,100,0
1,76,6,90,31,100,33,90,35,76,37,75,39,51,44,73,48,100,87,88,95,83,100,0
5,74,18,83,50,79,60,82,82,79,89,68,95,37,99,0
16,21,19,27,68,62,73,27,82,0,89,98,96,0,98,42,100,0
5,69,38,57,45,66,59,86,98,0
4,32,5,82,10,91,16,100,93,85,100,0
4,40,12,74,18,89,27,97,67,88,72,95,88,84,94,49,97,90,99,49,100,0
28,50,67,89,83,50,100,0
46,23,51,69,56,23,62,0,72,64,82,0,84,54,88,30,95,0
1,36,4,42,8,46,13,75,67,46,69,37,71,36,83,49,88,21,94,83,100,0
5,89,58,94,67,89,71,32,73,83,86,59,93,0
9,86,25,93,29,86,32,95,41,86,49,30,52,80,72,93,82,71,100,0
3,9,5,81,6,83,35,85,38,100,82,91,92,100,97,46,99,0
4,91,16,81,41,87,46,98,84,82,86,81,100,0
8,94,91,0,98,14,100,0
1,65,25,79,71,98,79,79,80,84,90,79,95,71,96,72,99,64,100,0
4,86,66,57,83,95,92,35,95,34,96,50,97,49,100,0
1,52,3,90,35,65,60,84,77,64,85,100,97,52,100,0
1,51,23,72,30,78,71,23,79,46,90,54,93,96,100,0
8,93,40,99,71,83,86,82,97,0
9,14,24,31,30,85,93,57,94,35,98,0
5,83,26,100,92,84,94,16,100,0
7,100,66,99,89,94,97,43,100,0
40,27,94,3,95,0
45,37,77,0,78,96,91,37,97,0,98,70,100,0
27,98,31,0,36,47,61,87,69,47,87,19,94,0
6,92,7,97,67,99,96,0,97,36,98,0
4,49,31,64,51,75,57,76,62,64,66,98,71,64,75,25,76,73,79,25,80,97,99,0
3,50,9,95,77,69,100,0
6,72,15,84,22,99,78,90,95,0
1,90,12,98,73,72,74,9,82,99,94,36,97,0,98,49,100,0
3,58,11,81,63,53,79,63,82,83,94,0
3,29,20,66,27,83,30,99,86,72,87,64,92,50,95,39,97,81,99,0
15,64,42,82,49,92,88,82,93,59,94,71,97,59,99,0
9,67,10,87,31,83,47,86,78,83,83,91,84,83,86,59,97,31,100,0
36,28,40,85,50,94,63,85,80,0,97,90,100,0
63,48,66,85,74,48,76,72,92,76,98,25,100,0
3,52,82,29,90,6,91,47,95,6,97,0
1,19,4,57,22,84,26,57,29,74,33,83,48,95,55,74,82,76,99,31,100,0
1,76,25,79,48,89,79,86,90,55,99,22,100,0
41,38,57,0,89,99,92,0
10,12,15,35,18,12,24,71,31,84,42,95,98,92,99,15,100,0
1,33,10,89,43,79,47,77,51,97,73,98,81,97,82,85,86,100,88,95,95,61,98,0
1,65,30,58,44,78,72,58,73,0,80,71,88,0
4,4,13,9,15,65,18,80,26,86,34,91,60,86,73,93,99,80,100,0
12,44,23,83,59,53,64,76,66,91,68,76,92,59,99,0
28,3,34,55,64,25,69,3,82,0,92,41,93,78,96,41,99,0
11,63,12,75,30,100,77,92,97,86,100,0
4,72,13,97,29,87,32,98,46,87,55,96,64,88,85,87,98,32,99,0
56,79,80,58,97,4,99,0
5,85,8,90,32,85,48,69,54,86,59,69,60,49,63,91,81,48,100,0
9,28,42,66,46,28,48,65,49,28,53,67,72,100,81,67,84,96,94,90,98,66,100,0
4,3,6,4,15,46,29,78,50,79,69,78,93,39,96,96,98,39,99,0
11,100,45,99,55,80,59,99,73,80,94,61,95,36,99,28,100,0
18,69,62,14,74,39,91,0
12,82,23,100,30,82,63,95,83,93,88,35,95,65,97,33,98,16,100,0
4,37,5,61,7,99,89,88,96,62,100,0
1,62,2,71,20,94,24,97,70,94,86,86,97,61,98,5,100,0
2,89,37,56,44,94,65,64,68,90,71,93,91,96,94,79,95,12,96,15,97,99,99,15,100,0
7,36,10,90,34,88,76,95,89,88,97,0
2,81,10,21,11,82,23,91,39,98,65,97,71,91,87,89,95,84,97,78,100,0
4,55,17,59,36,68,53,73,62,83,75,94,76,83,79,95,92,74,97,78,98,90,100,0
9,56,16,78,33,90,69,78,81,82,99,0
5,30,19,45,33,0,72,9,86,0,94,24,96,0
14,24,20,75,50,90,78,0,91,23,98,0
16,71,21,89,75,49,84,52,93,74,98,88,99,0
1,51,10,97,18,51,26,89,40,71,43,86,67,92,71,86,90,54,99,33,100,0
6,63,33,94,51,54,57,88,70,68,71,54,82,83,88,92,96,54,98,5,100,0
4,20,99,0
4,79,19,40,31,50,86,46,100,0
8,64,12,100,14,64,21,60,70,56,76,36,82,20,100,0
4,36,10,78,14,93,64,82,89,63,97,5,99,0
1,14,2,83,62,59,84,0
7,39,13,97,20,95,21,96,73,74,76,96,85,62,90,82,91,62,92,47,96,0
12,72,32,92,42,94,61,72,74,97,84,72,92,22,98,0
6,7,18,49,21,50,23,80,63,82,86,80,89,100,100,0
5,18,12,88,84,64,97,40,98,79,99,7,100,0
2,19,12,92,20,96,49,19,65,0,71,91,97,74,99,0
3,65,18,67,22,65,63,97,91,0
28,83,71,0,73,25,80,0,89,55,100,0
11,47,35,78,51,96,99,0
4,8,45,13,47,49,53,67,62,49,79,79,90,49,98,0
2,6,11,71,38,91,87,99,96,71,97,28,100,0
17,99,56,0,81,50,89,0,90,44,92,76,93,44,95,0
1,56,14,90,24,56,28,100,44,93,81,54,99,0
7,73,26,0,33,65,94,0
9,5,10,98,46,71,48,41,50,95,96,100,99,60,100,0
9,65,18,74,71,93,74,94,91,74,100,0
4,50,5,34,9,54,18,67,41,100,84,67,100,0
1,63,12,72,40,93,67,86,77,97,95,99,99,0
3,96,98,67,100,0
1,91,53,92,56,99,68,92,82,82,85,68,87,77,100,0
2,74,14,80,56,79,58,74,65,88,92,70,96,47,97,83,98,47,100,0
12,74,17,87,66,24,69,14,82,99,93,0,95,31,99,0
3,28,4,95,13,48,25,92,34,48,38,82,42,92,44,82,71,99,88,84,99,0
12,42,28,41,33,87,61,100,89,70,93,21,96,61,100,0
1,69,55,83,65,99,71,83,78,69,85,40,96,45,98,40,100,0
6,5,16,39,17,99,30,62,68,100,78,49,80,95,91,49,98,42,99,0
1,22,6,84,80,76,82,75,88,0,92,15,96,0
4,25,6,72,36,82,59,91,63,94,84,82,98,11,99,0
5,49,20,61,72,37,94,0
3,1,7,86,9,94,22,87,38,93,79,74,81,86,83,91,88,86,94,59,96,52,99,13,100,0
2,80,30,82,57,80,59,82,75,80,88,94,95,80,99,0
8,43,18,68,29,43,65,44,66,43,68,92,91,43,95,95,98,43,99,0
6,98,13,99,54,98,59,99,80,98,93,84,97,34,98,6,100,0
9,25,11,88,33,99,56,94,68,99,99,84,100,0
2,33,4,57,13,90,98,33,99,0
35,12,52,91,90,0
17,85,29,83,42,84,91,45,99,0
87,72,100,0
3,5,6,69,9,74,12,100,90,88,100,0
3,39,9,65,58,67,76,92,96,34,98,50,100,0
9,8,10,94,39,67,57,75,59,67,73,53,83,0,89,32,100,0
23,82,24,80,73,69,75,64,81,22,94,0
4,59,7,63,13,64,21,80,29,66,36,84,73,89,95,57,99,0
23,94,71,0,90,36,92,0
1,58,18,98,29,58,67,73,73,99,89,73,92,80,95,73,98,0
5,32,7,85,32,72,72,67,78,91,93,73,94,78,99,59,100,0
11,70,29,35,30,0,53,5,55,0,60,95,74,28,91,50,94,0
1,44,2,53,9,78,33,97,51,91,63,98,69,91,99,49,100,0
12,37,13,53,22,88,33,90,62,88,70,84,88,89,93,41,99,12,100,0
2,21,13,95,65,82,67,88,84,82,97,97,100,0
4,77,43,78,47,95,74,82,83,59,99,6,100,0
33,5,37,29,62,48,73,0,74,81,91,63,99,0
3,3,6,27,17,59,30,88,62,59,71,97,92,59,93,85,94,59,95,0,96,75,100,0
1,21,11,34,18,80,42,78,50,77,75,65,79,93,85,90,86,97,90,90,98,36,100,0
5,10,6,55,36,67,49,78,91,0
5,73,19,18,26,90,56,58,90,41,96,63,100,0
7,49,31,34,32,48,33,55,54,75,66,65,86,97,95,98,97,97,98,0
20,3,22,32,42,99,69,73,95,32,97,0
5,30,16,45,33,30,41,72,66,0
1,76,4,97,83,80,93,41,97,20,98,79,100,0
6,54,11,78,20,67,68,72,97,92,98,67,100,0
3,83,20,92,21,83,64,86,84,91,99,30,100,0
1,70,5,89,83,20,85,35,87,50,90,97,95,0,97,9,98,0
9,23,49,54,52,23,54,49,78,23,82,0,88,87,94,0,96,38,99,0
6,25,21,85,31,25,44,70,54,25,70,36,73,90,87,61,94,0,95,59,97,0
2,6,4,92,17,94,38,92,56,98,73,92,89,77,94,0,95,55,99,0
6,92,9,97,49,95,85,64,93,80,97,64,98,0
19,24,31,38,48,84,54,38,55,88,80,44,83,24,86,0
14,73,29,0,31,78,54,72,57,38,69,0,73,34,91,0
1,94,39,95,56,97,81,95,85,79,90,78,97,69,99,39,100,0
3,64,15,94,40,83,42,98,51,97,85,95,98,52,99,0
7,59,20,52,25,61,30,80,99,0
10,83,19,92,66,83,92,41,93,0
4,73,22,95,70,86,78,74,80,70,92,56,95,0
2,60,6,76,24,69,33,86,42,91,45,98,56,91,60,69,82,84,88,69,100,0
13,15,16,22,20,72,23,73,29,90,62,99,80,90,81,97,90,90,93,95,94,90,97,67,99,48,100,0
1,42,5,95,37,42,44,39,47,98,77,79,78,100,96,11,97,84,99,11,100,0
44,87,53,84,60,0,73,55,76,0
17,31,23,89,30,0,36,35,38,0,43,60,58,91,87,90,96,51,99,0
14,32,29,83,38,92,66,88,86,47,87,30,96,0
1,72,76,0
12,96,86,0
3,80,47,92,50,96,60,100,71,96,91,95,92,92,94,73,95,70,98,21,99,17,100,0
1,84,22,97,51,84,66,85,100,0
3,97,29,92,67,42,86,16,93,3,97,0
15,82,78,76,97,0
4,40,13,64,18,40,31,61,37,66,43,78,59,94,95,66,96,0,97,94,98,0
11,2,27,60,88,0
1,8,7,21,13,74,17,21,27,52,31,93,57,74,94,21,97,37,98,73,99,37,100,0
40,24,42,0,72,89,91,0
1,99,25,67,28,44,50,35,52,92,62,85,83,86,85,85,94,61,95,28,97,69,99,27,100,0
3,83,47,80,72,79,84,54,95,32,96,25,98,2,100,0
8,13,11,35,14,13,20,28,55,94,61,28,69,77,77,0,81,88,86,0
1,33,2,0,14,50,22,66,24,71,39,50,54,79,63,50,64,58,67,50,70,34,82,42,88,70,96,59,99,0
3,84,29,64,34,92,38,64,41,80,70,98,76,80,81,24,90,54,96,38,100,0
14,11,35,0,42,6,47,28,48,91,90,63,96,90,97,88,99,63,100,0
2,85,23,89,30,95,65,92,95,84,100,0
2,80,8,96,29,98,51,99,75,98,78,68,81,62,93,55,96,52,99,0
16,1,19,0,21,59,39,100,79,94,90,86,91,93,93,32,96,95,99,0
1,13,9,49,16,41,17,70,18,88,21,99,30,88,72,90,81,88,97,69,98,79,100,0
1,72,24,83,25,72,31,90,70,72,74,80,86,66,88,77,97,66,98,91,100,0
26,89,99,28,100,0
8,6,20,30,48,71,65,30,99,0
1,47,35,50,86,47,100,0
3,70,34,96,66,70,67,43,81,97,96,43,100,0
1,27,2,77,9,88,28,97,44,98,51,99,78,70,79,59,89,33,90,83,93,33,95,98,97,96,100,0
19,20,21,0,29,91,91,37,96,0
4,37,11,58,14,74,20,80,64,51,66,67,98,0
11,14,71,26,100,0
1,91,18,81,24,19,32,78,64,29,65,42,74,87,85,45,87,39,93,0,95,93,100,0
1,33,9,48,23,55,43,89,49,93,80,66,90,27,95,12,98,87,99,12,100,0
7,86,71,58,74,61,84,73,88,89,98,83,100,0
5,29,27,0,33,58,90,47,96,77,98,0
2,88,15,63,25,67,52,63,60,74,66,95,76,74,80,70,98,37,99,0
1,98,19,0,34,21,35,87,39,21,50,36,55,96,100,0
2,86,17,73,30,71,34,77,76,86,83,77,86,67,93,66,98,55,100,0
16,67,20,94,29,67,59,89,76,83,99,9,100,0
4,10,7,51,12,62,28,70,40,72,53,99,54,70,62,81,67,70,69,28,79,30,85,81,90,80,99,0
